Caught Error while parsing environment variable 'http_proxy'
Exception: [AbstractOptionHandler.cc:69] errorCode=28 We encountered a problem while processing the option '--http-proxy'.

  -> [OptionHandlerImpl.cc:520] errorCode=1 unrecognized proxy format
12/21 22:41:31 [[1;32mNOTICE[0m] Downloading 1 item(s)

Caught Error while parsing environment variable 'https_proxy'
Exception: [AbstractOptionHandler.cc:69] errorCode=28 We encountered a problem while processing the option '--https-proxy'.
  -> [OptionHandlerImpl.cc:520] errorCode=1 unrecognized proxy format

Caught Error while parsing environment variable 'all_proxy'
Exception: [AbstractOptionHandler.cc:69] errorCode=28 We encountered a problem while processing the option '--all-proxy'.
  -> [OptionHandlerImpl.cc:520] errorCode=1 unrecognized proxy format

 *** Download Progress Summary as of Sun Dec 21 22:41:32 2025 *** 
===============================================================================
[#4d48a1 0B/0B CN:1 DL:0B]
FILE: /run/media/lastrye/Dev/AIGC/ComfyUI/ComfyUI/custom_nodes/CNR_temp_4ce51664-1c8b-496d-b287-9f3bbfdfbb1b.zip
-------------------------------------------------------------------------------

[#4d48a1 0B/0B CN:1 DL:0B]
 *** Download Progress Summary as of Sun Dec 21 22:41:33 2025 *** 
===============================================================================
[#4d48a1 32KiB/4.0MiB(0%) CN:1 DL:44KiB ETA:1m31s]
FILE: /run/media/lastrye/Dev/AIGC/ComfyUI/ComfyUI/custom_nodes/CNR_temp_4ce51664-1c8b-496d-b287-9f3bbfdfbb1b.zip
-------------------------------------------------------------------------------

[#4d48a1 32KiB/4.0MiB(0%) CN:1 DL:44KiB ETA:1m31s]
 *** Download Progress Summary as of Sun Dec 21 22:41:35 2025 *** 
===============================================================================
[#4d48a1 96KiB/4.0MiB(2%) CN:1 DL:62KiB ETA:1m4s]
FILE: /run/media/lastrye/Dev/AIGC/ComfyUI/ComfyUI/custom_nodes/CNR_temp_4ce51664-1c8b-496d-b287-9f3bbfdfbb1b.zip
-------------------------------------------------------------------------------

[#4d48a1 96KiB/4.0MiB(2%) CN:1 DL:62KiB ETA:1m4s]
 *** Download Progress Summary as of Sun Dec 21 22:41:36 2025 *** 
===============================================================================
[#4d48a1 336KiB/4.0MiB(8%) CN:1 DL:109KiB ETA:34s]
FILE: /run/media/lastrye/Dev/AIGC/ComfyUI/ComfyUI/custom_nodes/CNR_temp_4ce51664-1c8b-496d-b287-9f3bbfdfbb1b.zip
-------------------------------------------------------------------------------

[#4d48a1 336KiB/4.0MiB(8%) CN:1 DL:109KiB ETA:34s]
 *** Download Progress Summary as of Sun Dec 21 22:41:37 2025 *** 
===============================================================================
[#4d48a1 528KiB/4.0MiB(12%) CN:1 DL:129KiB ETA:27s]
FILE: /run/media/lastrye/Dev/AIGC/ComfyUI/ComfyUI/custom_nodes/CNR_temp_4ce51664-1c8b-496d-b287-9f3bbfdfbb1b.zip
-------------------------------------------------------------------------------

[#4d48a1 528KiB/4.0MiB(12%) CN:1 DL:129KiB ETA:27s]
 *** Download Progress Summary as of Sun Dec 21 22:41:38 2025 *** 
===============================================================================
[#4d48a1 576KiB/4.0MiB(13%) CN:1 DL:110KiB ETA:31s]
FILE: /run/media/lastrye/Dev/AIGC/ComfyUI/ComfyUI/custom_nodes/CNR_temp_4ce51664-1c8b-496d-b287-9f3bbfdfbb1b.zip
-------------------------------------------------------------------------------

[#4d48a1 576KiB/4.0MiB(13%) CN:1 DL:110KiB ETA:31s]
 *** Download Progress Summary as of Sun Dec 21 22:41:39 2025 *** 
===============================================================================
[#4d48a1 752KiB/4.0MiB(18%) CN:1 DL:121KiB ETA:27s]
FILE: /run/media/lastrye/Dev/AIGC/ComfyUI/ComfyUI/custom_nodes/CNR_temp_4ce51664-1c8b-496d-b287-9f3bbfdfbb1b.zip
-------------------------------------------------------------------------------

[#4d48a1 752KiB/4.0MiB(18%) CN:1 DL:121KiB ETA:27s]
 *** Download Progress Summary as of Sun Dec 21 22:41:40 2025 *** 
===============================================================================
[#4d48a1 848KiB/4.0MiB(20%) CN:1 DL:117KiB ETA:27s]
FILE: /run/media/lastrye/Dev/AIGC/ComfyUI/ComfyUI/custom_nodes/CNR_temp_4ce51664-1c8b-496d-b287-9f3bbfdfbb1b.zip
-------------------------------------------------------------------------------

[#4d48a1 848KiB/4.0MiB(20%) CN:1 DL:117KiB ETA:27s]
 *** Download Progress Summary as of Sun Dec 21 22:41:41 2025 *** 
===============================================================================
[#4d48a1 0.9MiB/4.0MiB(22%) CN:1 DL:113KiB ETA:28s]
FILE: /run/media/lastrye/Dev/AIGC/ComfyUI/ComfyUI/custom_nodes/CNR_temp_4ce51664-1c8b-496d-b287-9f3bbfdfbb1b.zip
-------------------------------------------------------------------------------

[#4d48a1 0.9MiB/4.0MiB(22%) CN:1 DL:113KiB ETA:28s]
 *** Download Progress Summary as of Sun Dec 21 22:41:42 2025 *** 
===============================================================================
[#4d48a1 1.0MiB/4.0MiB(24%) CN:1 DL:105KiB ETA:29s]
FILE: /run/media/lastrye/Dev/AIGC/ComfyUI/ComfyUI/custom_nodes/CNR_temp_4ce51664-1c8b-496d-b287-9f3bbfdfbb1b.zip
-------------------------------------------------------------------------------

[#4d48a1 1.0MiB/4.0MiB(24%) CN:1 DL:105KiB ETA:29s]
 *** Download Progress Summary as of Sun Dec 21 22:41:44 2025 *** 
===============================================================================
[#4d48a1 1.0MiB/4.0MiB(26%) CN:1 DL:104KiB ETA:28s]
FILE: /run/media/lastrye/Dev/AIGC/ComfyUI/ComfyUI/custom_nodes/CNR_temp_4ce51664-1c8b-496d-b287-9f3bbfdfbb1b.zip
-------------------------------------------------------------------------------

[#4d48a1 1.0MiB/4.0MiB(26%) CN:1 DL:104KiB ETA:28s]
 *** Download Progress Summary as of Sun Dec 21 22:41:45 2025 *** 
===============================================================================
[#4d48a1 1.1MiB/4.0MiB(28%) CN:1 DL:102KiB ETA:28s]
FILE: /run/media/lastrye/Dev/AIGC/ComfyUI/ComfyUI/custom_nodes/CNR_temp_4ce51664-1c8b-496d-b287-9f3bbfdfbb1b.zip
-------------------------------------------------------------------------------

[#4d48a1 1.1MiB/4.0MiB(28%) CN:1 DL:102KiB ETA:28s]
 *** Download Progress Summary as of Sun Dec 21 22:41:46 2025 *** 
===============================================================================
[#4d48a1 1.1MiB/4.0MiB(29%) CN:1 DL:85KiB ETA:34s]
FILE: /run/media/lastrye/Dev/AIGC/ComfyUI/ComfyUI/custom_nodes/CNR_temp_4ce51664-1c8b-496d-b287-9f3bbfdfbb1b.zip
-------------------------------------------------------------------------------

[#4d48a1 1.1MiB/4.0MiB(29%) CN:1 DL:85KiB ETA:34s]
 *** Download Progress Summary as of Sun Dec 21 22:41:47 2025 *** 
===============================================================================
[#4d48a1 1.2MiB/4.0MiB(30%) CN:1 DL:74KiB ETA:38s]
FILE: /run/media/lastrye/Dev/AIGC/ComfyUI/ComfyUI/custom_nodes/CNR_temp_4ce51664-1c8b-496d-b287-9f3bbfdfbb1b.zip
-------------------------------------------------------------------------------

[#4d48a1 1.2MiB/4.0MiB(30%) CN:1 DL:74KiB ETA:38s]
 *** Download Progress Summary as of Sun Dec 21 22:41:48 2025 *** 
===============================================================================
[#4d48a1 1.2MiB/4.0MiB(32%) CN:1 DL:67KiB ETA:41s]
FILE: /run/media/lastrye/Dev/AIGC/ComfyUI/ComfyUI/custom_nodes/CNR_temp_4ce51664-1c8b-496d-b287-9f3bbfdfbb1b.zip
-------------------------------------------------------------------------------

[#4d48a1 1.2MiB/4.0MiB(32%) CN:1 DL:67KiB ETA:41s]
 *** Download Progress Summary as of Sun Dec 21 22:41:49 2025 *** 
===============================================================================
[#4d48a1 1.3MiB/4.0MiB(34%) CN:1 DL:60KiB ETA:45s]
FILE: /run/media/lastrye/Dev/AIGC/ComfyUI/ComfyUI/custom_nodes/CNR_temp_4ce51664-1c8b-496d-b287-9f3bbfdfbb1b.zip
-------------------------------------------------------------------------------

[#4d48a1 1.3MiB/4.0MiB(34%) CN:1 DL:60KiB ETA:45s]
 *** Download Progress Summary as of Sun Dec 21 22:41:50 2025 *** 
===============================================================================
[#4d48a1 1.4MiB/4.0MiB(35%) CN:1 DL:60KiB ETA:44s]
FILE: /run/media/lastrye/Dev/AIGC/ComfyUI/ComfyUI/custom_nodes/CNR_temp_4ce51664-1c8b-496d-b287-9f3bbfdfbb1b.zip
-------------------------------------------------------------------------------

[#4d48a1 1.4MiB/4.0MiB(35%) CN:1 DL:60KiB ETA:44s]
 *** Download Progress Summary as of Sun Dec 21 22:41:51 2025 *** 
===============================================================================
[#4d48a1 1.4MiB/4.0MiB(36%) CN:1 DL:57KiB ETA:44s]
FILE: /run/media/lastrye/Dev/AIGC/ComfyUI/ComfyUI/custom_nodes/CNR_temp_4ce51664-1c8b-496d-b287-9f3bbfdfbb1b.zip
-------------------------------------------------------------------------------

[#4d48a1 1.4MiB/4.0MiB(36%) CN:1 DL:57KiB ETA:44s]
 *** Download Progress Summary as of Sun Dec 21 22:41:53 2025 *** 
===============================================================================
[#4d48a1 1.5MiB/4.0MiB(38%) CN:1 DL:51KiB ETA:49s]
FILE: /run/media/lastrye/Dev/AIGC/ComfyUI/ComfyUI/custom_nodes/CNR_temp_4ce51664-1c8b-496d-b287-9f3bbfdfbb1b.zip
-------------------------------------------------------------------------------

[#4d48a1 1.5MiB/4.0MiB(38%) CN:1 DL:51KiB ETA:49s]
 *** Download Progress Summary as of Sun Dec 21 22:41:54 2025 *** 
===============================================================================
[#4d48a1 1.5MiB/4.0MiB(39%) CN:1 DL:52KiB ETA:47s]
FILE: /run/media/lastrye/Dev/AIGC/ComfyUI/ComfyUI/custom_nodes/CNR_temp_4ce51664-1c8b-496d-b287-9f3bbfdfbb1b.zip
-------------------------------------------------------------------------------

[#4d48a1 1.5MiB/4.0MiB(39%) CN:1 DL:52KiB ETA:47s]
 *** Download Progress Summary as of Sun Dec 21 22:41:55 2025 *** 
===============================================================================
[#4d48a1 1.6MiB/4.0MiB(40%) CN:1 DL:48KiB ETA:50s]
FILE: /run/media/lastrye/Dev/AIGC/ComfyUI/ComfyUI/custom_nodes/CNR_temp_4ce51664-1c8b-496d-b287-9f3bbfdfbb1b.zip
-------------------------------------------------------------------------------

[#4d48a1 1.6MiB/4.0MiB(40%) CN:1 DL:48KiB ETA:50s]
 *** Download Progress Summary as of Sun Dec 21 22:41:56 2025 *** 
===============================================================================
[#4d48a1 1.7MiB/4.0MiB(42%) CN:1 DL:51KiB ETA:46s]
FILE: /run/media/lastrye/Dev/AIGC/ComfyUI/ComfyUI/custom_nodes/CNR_temp_4ce51664-1c8b-496d-b287-9f3bbfdfbb1b.zip
-------------------------------------------------------------------------------

[#4d48a1 1.7MiB/4.0MiB(42%) CN:1 DL:51KiB ETA:46s]
 *** Download Progress Summary as of Sun Dec 21 22:41:58 2025 *** 
===============================================================================
[#4d48a1 1.7MiB/4.0MiB(43%) CN:1 DL:46KiB ETA:49s]
FILE: /run/media/lastrye/Dev/AIGC/ComfyUI/ComfyUI/custom_nodes/CNR_temp_4ce51664-1c8b-496d-b287-9f3bbfdfbb1b.zip
-------------------------------------------------------------------------------

[#4d48a1 1.7MiB/4.0MiB(43%) CN:1 DL:46KiB ETA:49s]
 *** Download Progress Summary as of Sun Dec 21 22:41:59 2025 *** 
===============================================================================
[#4d48a1 1.7MiB/4.0MiB(44%) CN:1 DL:45KiB ETA:49s]
FILE: /run/media/lastrye/Dev/AIGC/ComfyUI/ComfyUI/custom_nodes/CNR_temp_4ce51664-1c8b-496d-b287-9f3bbfdfbb1b.zip
-------------------------------------------------------------------------------

[#4d48a1 1.7MiB/4.0MiB(44%) CN:1 DL:45KiB ETA:49s]
 *** Download Progress Summary as of Sun Dec 21 22:42:00 2025 *** 
===============================================================================
[#4d48a1 1.8MiB/4.0MiB(45%) CN:1 DL:45KiB ETA:48s]
FILE: /run/media/lastrye/Dev/AIGC/ComfyUI/ComfyUI/custom_nodes/CNR_temp_4ce51664-1c8b-496d-b287-9f3bbfdfbb1b.zip
-------------------------------------------------------------------------------

[#4d48a1 1.8MiB/4.0MiB(45%) CN:1 DL:45KiB ETA:48s]
 *** Download Progress Summary as of Sun Dec 21 22:42:01 2025 *** 
===============================================================================
[#4d48a1 1.8MiB/4.0MiB(47%) CN:1 DL:41KiB ETA:53s]
FILE: /run/media/lastrye/Dev/AIGC/ComfyUI/ComfyUI/custom_nodes/CNR_temp_4ce51664-1c8b-496d-b287-9f3bbfdfbb1b.zip
-------------------------------------------------------------------------------

[#4d48a1 1.8MiB/4.0MiB(47%) CN:1 DL:41KiB ETA:53s]
 *** Download Progress Summary as of Sun Dec 21 22:42:02 2025 *** 
===============================================================================
[#4d48a1 1.9MiB/4.0MiB(48%) CN:1 DL:43KiB ETA:48s]
FILE: /run/media/lastrye/Dev/AIGC/ComfyUI/ComfyUI/custom_nodes/CNR_temp_4ce51664-1c8b-496d-b287-9f3bbfdfbb1b.zip
-------------------------------------------------------------------------------

[#4d48a1 1.9MiB/4.0MiB(48%) CN:1 DL:43KiB ETA:48s]
 *** Download Progress Summary as of Sun Dec 21 22:42:03 2025 *** 
===============================================================================
[#4d48a1 1.9MiB/4.0MiB(49%) CN:1 DL:42KiB ETA:48s]
FILE: /run/media/lastrye/Dev/AIGC/ComfyUI/ComfyUI/custom_nodes/CNR_temp_4ce51664-1c8b-496d-b287-9f3bbfdfbb1b.zip
-------------------------------------------------------------------------------

[#4d48a1 1.9MiB/4.0MiB(49%) CN:1 DL:42KiB ETA:48s]
 *** Download Progress Summary as of Sun Dec 21 22:42:04 2025 *** 
===============================================================================
[#4d48a1 2.0MiB/4.0MiB(49%) CN:1 DL:42KiB ETA:49s]
FILE: /run/media/lastrye/Dev/AIGC/ComfyUI/ComfyUI/custom_nodes/CNR_temp_4ce51664-1c8b-496d-b287-9f3bbfdfbb1b.zip
-------------------------------------------------------------------------------

[#4d48a1 2.0MiB/4.0MiB(49%) CN:1 DL:42KiB ETA:49s]
 *** Download Progress Summary as of Sun Dec 21 22:42:06 2025 *** 
===============================================================================
[#4d48a1 2.0MiB/4.0MiB(50%) CN:1 DL:37KiB ETA:53s]
FILE: /run/media/lastrye/Dev/AIGC/ComfyUI/ComfyUI/custom_nodes/CNR_temp_4ce51664-1c8b-496d-b287-9f3bbfdfbb1b.zip
-------------------------------------------------------------------------------

[#4d48a1 2.0MiB/4.0MiB(50%) CN:1 DL:37KiB ETA:53s]
 *** Download Progress Summary as of Sun Dec 21 22:42:07 2025 *** 
===============================================================================
[#4d48a1 2.0MiB/4.0MiB(52%) CN:1 DL:39KiB ETA:50s]
FILE: /run/media/lastrye/Dev/AIGC/ComfyUI/ComfyUI/custom_nodes/CNR_temp_4ce51664-1c8b-496d-b287-9f3bbfdfbb1b.zip
-------------------------------------------------------------------------------

[#4d48a1 2.0MiB/4.0MiB(52%) CN:1 DL:39KiB ETA:50s]
 *** Download Progress Summary as of Sun Dec 21 22:42:08 2025 *** 
===============================================================================
[#4d48a1 2.1MiB/4.0MiB(52%) CN:1 DL:35KiB ETA:54s]
FILE: /run/media/lastrye/Dev/AIGC/ComfyUI/ComfyUI/custom_nodes/CNR_temp_4ce51664-1c8b-496d-b287-9f3bbfdfbb1b.zip
-------------------------------------------------------------------------------

[#4d48a1 2.1MiB/4.0MiB(52%) CN:1 DL:35KiB ETA:54s]
 *** Download Progress Summary as of Sun Dec 21 22:42:09 2025 *** 
===============================================================================
[#4d48a1 2.1MiB/4.0MiB(53%) CN:1 DL:33KiB ETA:56s]
FILE: /run/media/lastrye/Dev/AIGC/ComfyUI/ComfyUI/custom_nodes/CNR_temp_4ce51664-1c8b-496d-b287-9f3bbfdfbb1b.zip
-------------------------------------------------------------------------------

[#4d48a1 2.1MiB/4.0MiB(53%) CN:1 DL:33KiB ETA:56s]
 *** Download Progress Summary as of Sun Dec 21 22:42:10 2025 *** 
===============================================================================
[#4d48a1 2.1MiB/4.0MiB(54%) CN:1 DL:33KiB ETA:56s]
FILE: /run/media/lastrye/Dev/AIGC/ComfyUI/ComfyUI/custom_nodes/CNR_temp_4ce51664-1c8b-496d-b287-9f3bbfdfbb1b.zip
-------------------------------------------------------------------------------

[#4d48a1 2.1MiB/4.0MiB(54%) CN:1 DL:33KiB ETA:56s]
 *** Download Progress Summary as of Sun Dec 21 22:42:12 2025 *** 
===============================================================================
[#4d48a1 2.2MiB/4.0MiB(55%) CN:1 DL:30KiB ETA:59s]
FILE: /run/media/lastrye/Dev/AIGC/ComfyUI/ComfyUI/custom_nodes/CNR_temp_4ce51664-1c8b-496d-b287-9f3bbfdfbb1b.zip
-------------------------------------------------------------------------------

[#4d48a1 2.2MiB/4.0MiB(55%) CN:1 DL:30KiB ETA:59s]
 *** Download Progress Summary as of Sun Dec 21 22:42:13 2025 *** 
===============================================================================
[#4d48a1 2.2MiB/4.0MiB(56%) CN:1 DL:30KiB ETA:58s]
FILE: /run/media/lastrye/Dev/AIGC/ComfyUI/ComfyUI/custom_nodes/CNR_temp_4ce51664-1c8b-496d-b287-9f3bbfdfbb1b.zip
-------------------------------------------------------------------------------

[#4d48a1 2.2MiB/4.0MiB(56%) CN:1 DL:30KiB ETA:58s]
 *** Download Progress Summary as of Sun Dec 21 22:42:14 2025 *** 
===============================================================================
[#4d48a1 2.2MiB/4.0MiB(57%) CN:1 DL:31KiB ETA:56s]
FILE: /run/media/lastrye/Dev/AIGC/ComfyUI/ComfyUI/custom_nodes/CNR_temp_4ce51664-1c8b-496d-b287-9f3bbfdfbb1b.zip
-------------------------------------------------------------------------------

[#4d48a1 2.2MiB/4.0MiB(57%) CN:1 DL:31KiB ETA:56s]
 *** Download Progress Summary as of Sun Dec 21 22:42:15 2025 *** 
===============================================================================
[#4d48a1 2.3MiB/4.0MiB(57%) CN:1 DL:31KiB ETA:55s]
FILE: /run/media/lastrye/Dev/AIGC/ComfyUI/ComfyUI/custom_nodes/CNR_temp_4ce51664-1c8b-496d-b287-9f3bbfdfbb1b.zip
-------------------------------------------------------------------------------

[#4d48a1 2.3MiB/4.0MiB(57%) CN:1 DL:31KiB ETA:55s]
 *** Download Progress Summary as of Sun Dec 21 22:42:16 2025 *** 
===============================================================================
[#4d48a1 2.3MiB/4.0MiB(58%) CN:1 DL:28KiB ETA:59s]
FILE: /run/media/lastrye/Dev/AIGC/ComfyUI/ComfyUI/custom_nodes/CNR_temp_4ce51664-1c8b-496d-b287-9f3bbfdfbb1b.zip
-------------------------------------------------------------------------------

[#4d48a1 2.3MiB/4.0MiB(58%) CN:1 DL:28KiB ETA:59s]
 *** Download Progress Summary as of Sun Dec 21 22:42:18 2025 *** 
===============================================================================
[#4d48a1 2.3MiB/4.0MiB(59%) CN:1 DL:27KiB ETA:1m1s]
FILE: /run/media/lastrye/Dev/AIGC/ComfyUI/ComfyUI/custom_nodes/CNR_temp_4ce51664-1c8b-496d-b287-9f3bbfdfbb1b.zip
-------------------------------------------------------------------------------

[#4d48a1 2.3MiB/4.0MiB(59%) CN:1 DL:27KiB ETA:1m1s]
 *** Download Progress Summary as of Sun Dec 21 22:42:19 2025 *** 
===============================================================================
[#4d48a1 2.4MiB/4.0MiB(59%) CN:1 DL:26KiB ETA:1m1s]
FILE: /run/media/lastrye/Dev/AIGC/ComfyUI/ComfyUI/custom_nodes/CNR_temp_4ce51664-1c8b-496d-b287-9f3bbfdfbb1b.zip
-------------------------------------------------------------------------------

[#4d48a1 2.4MiB/4.0MiB(59%) CN:1 DL:26KiB ETA:1m1s]
 *** Download Progress Summary as of Sun Dec 21 22:42:20 2025 *** 
===============================================================================
[#4d48a1 2.4MiB/4.0MiB(60%) CN:1 DL:25KiB ETA:1m4s]
FILE: /run/media/lastrye/Dev/AIGC/ComfyUI/ComfyUI/custom_nodes/CNR_temp_4ce51664-1c8b-496d-b287-9f3bbfdfbb1b.zip
-------------------------------------------------------------------------------

[#4d48a1 2.4MiB/4.0MiB(60%) CN:1 DL:25KiB ETA:1m4s]
 *** Download Progress Summary as of Sun Dec 21 22:42:21 2025 *** 
===============================================================================
[#4d48a1 2.4MiB/4.0MiB(60%) CN:1 DL:23KiB ETA:1m8s]
FILE: /run/media/lastrye/Dev/AIGC/ComfyUI/ComfyUI/custom_nodes/CNR_temp_4ce51664-1c8b-496d-b287-9f3bbfdfbb1b.zip
-------------------------------------------------------------------------------

[#4d48a1 2.4MiB/4.0MiB(60%) CN:1 DL:23KiB ETA:1m8s]
 *** Download Progress Summary as of Sun Dec 21 22:42:22 2025 *** 
===============================================================================
[#4d48a1 2.4MiB/4.0MiB(61%) CN:1 DL:20KiB ETA:1m20s]
FILE: /run/media/lastrye/Dev/AIGC/ComfyUI/ComfyUI/custom_nodes/CNR_temp_4ce51664-1c8b-496d-b287-9f3bbfdfbb1b.zip
-------------------------------------------------------------------------------

[#4d48a1 2.4MiB/4.0MiB(61%) CN:1 DL:20KiB ETA:1m20s]
 *** Download Progress Summary as of Sun Dec 21 22:42:23 2025 *** 
===============================================================================
[#4d48a1 2.4MiB/4.0MiB(61%) CN:1 DL:19KiB ETA:1m20s]
FILE: /run/media/lastrye/Dev/AIGC/ComfyUI/ComfyUI/custom_nodes/CNR_temp_4ce51664-1c8b-496d-b287-9f3bbfdfbb1b.zip
-------------------------------------------------------------------------------

[#4d48a1 2.4MiB/4.0MiB(61%) CN:1 DL:19KiB ETA:1m20s]
 *** Download Progress Summary as of Sun Dec 21 22:42:24 2025 *** 
===============================================================================
[#4d48a1 2.4MiB/4.0MiB(61%) CN:1 DL:16KiB ETA:1m34s]
FILE: /run/media/lastrye/Dev/AIGC/ComfyUI/ComfyUI/custom_nodes/CNR_temp_4ce51664-1c8b-496d-b287-9f3bbfdfbb1b.zip
-------------------------------------------------------------------------------

[#4d48a1 2.4MiB/4.0MiB(61%) CN:1 DL:16KiB ETA:1m34s]
 *** Download Progress Summary as of Sun Dec 21 22:42:26 2025 *** 
===============================================================================
[#4d48a1 2.5MiB/4.0MiB(62%) CN:1 DL:16KiB ETA:1m35s]
FILE: /run/media/lastrye/Dev/AIGC/ComfyUI/ComfyUI/custom_nodes/CNR_temp_4ce51664-1c8b-496d-b287-9f3bbfdfbb1b.zip
-------------------------------------------------------------------------------

[#4d48a1 2.5MiB/4.0MiB(62%) CN:1 DL:16KiB ETA:1m35s]
 *** Download Progress Summary as of Sun Dec 21 22:42:27 2025 *** 
===============================================================================
[#4d48a1 2.5MiB/4.0MiB(62%) CN:1 DL:15KiB ETA:1m38s]
FILE: /run/media/lastrye/Dev/AIGC/ComfyUI/ComfyUI/custom_nodes/CNR_temp_4ce51664-1c8b-496d-b287-9f3bbfdfbb1b.zip
-------------------------------------------------------------------------------

[#4d48a1 2.5MiB/4.0MiB(62%) CN:1 DL:15KiB ETA:1m38s]
 *** Download Progress Summary as of Sun Dec 21 22:42:28 2025 *** 
===============================================================================
[#4d48a1 2.5MiB/4.0MiB(62%) CN:1 DL:13KiB ETA:1m49s]
FILE: /run/media/lastrye/Dev/AIGC/ComfyUI/ComfyUI/custom_nodes/CNR_temp_4ce51664-1c8b-496d-b287-9f3bbfdfbb1b.zip
-------------------------------------------------------------------------------

[#4d48a1 2.5MiB/4.0MiB(62%) CN:1 DL:13KiB ETA:1m49s]
 *** Download Progress Summary as of Sun Dec 21 22:42:29 2025 *** 
===============================================================================
[#4d48a1 2.5MiB/4.0MiB(63%) CN:1 DL:13KiB ETA:1m48s]
FILE: /run/media/lastrye/Dev/AIGC/ComfyUI/ComfyUI/custom_nodes/CNR_temp_4ce51664-1c8b-496d-b287-9f3bbfdfbb1b.zip
-------------------------------------------------------------------------------

[#4d48a1 2.5MiB/4.0MiB(63%) CN:1 DL:13KiB ETA:1m48s]
 *** Download Progress Summary as of Sun Dec 21 22:42:30 2025 *** 
===============================================================================
[#4d48a1 2.5MiB/4.0MiB(63%) CN:1 DL:13KiB ETA:1m48s]
FILE: /run/media/lastrye/Dev/AIGC/ComfyUI/ComfyUI/custom_nodes/CNR_temp_4ce51664-1c8b-496d-b287-9f3bbfdfbb1b.zip
-------------------------------------------------------------------------------

[#4d48a1 2.5MiB/4.0MiB(63%) CN:1 DL:13KiB ETA:1m48s]
 *** Download Progress Summary as of Sun Dec 21 22:42:31 2025 *** 
===============================================================================
[#4d48a1 2.5MiB/4.0MiB(64%) CN:1 DL:13KiB ETA:1m46s]
FILE: /run/media/lastrye/Dev/AIGC/ComfyUI/ComfyUI/custom_nodes/CNR_temp_4ce51664-1c8b-496d-b287-9f3bbfdfbb1b.zip
-------------------------------------------------------------------------------

[#4d48a1 2.5MiB/4.0MiB(64%) CN:1 DL:13KiB ETA:1m46s]
 *** Download Progress Summary as of Sun Dec 21 22:42:33 2025 *** 
===============================================================================
[#4d48a1 2.5MiB/4.0MiB(64%) CN:1 DL:11KiB ETA:2m3s]
FILE: /run/media/lastrye/Dev/AIGC/ComfyUI/ComfyUI/custom_nodes/CNR_temp_4ce51664-1c8b-496d-b287-9f3bbfdfbb1b.zip
-------------------------------------------------------------------------------

[#4d48a1 2.5MiB/4.0MiB(64%) CN:1 DL:11KiB ETA:2m3s]
 *** Download Progress Summary as of Sun Dec 21 22:42:34 2025 *** 
===============================================================================
[#4d48a1 2.5MiB/4.0MiB(64%) CN:1 DL:12KiB ETA:1m57s]
FILE: /run/media/lastrye/Dev/AIGC/ComfyUI/ComfyUI/custom_nodes/CNR_temp_4ce51664-1c8b-496d-b287-9f3bbfdfbb1b.zip
-------------------------------------------------------------------------------

[#4d48a1 2.5MiB/4.0MiB(64%) CN:1 DL:12KiB ETA:1m57s]
 *** Download Progress Summary as of Sun Dec 21 22:42:36 2025 *** 
===============================================================================
[#4d48a1 2.6MiB/4.0MiB(64%) CN:1 DL:10KiB ETA:2m15s]
FILE: /run/media/lastrye/Dev/AIGC/ComfyUI/ComfyUI/custom_nodes/CNR_temp_4ce51664-1c8b-496d-b287-9f3bbfdfbb1b.zip
-------------------------------------------------------------------------------

[#4d48a1 2.6MiB/4.0MiB(64%) CN:1 DL:10KiB ETA:2m15s]
 *** Download Progress Summary as of Sun Dec 21 22:42:37 2025 *** 
===============================================================================
[#4d48a1 2.6MiB/4.0MiB(65%) CN:1 DL:10KiB ETA:2m12s]
FILE: /run/media/lastrye/Dev/AIGC/ComfyUI/ComfyUI/custom_nodes/CNR_temp_4ce51664-1c8b-496d-b287-9f3bbfdfbb1b.zip
-------------------------------------------------------------------------------

[#4d48a1 2.6MiB/4.0MiB(65%) CN:1 DL:10KiB ETA:2m12s]
 *** Download Progress Summary as of Sun Dec 21 22:42:38 2025 *** 
===============================================================================
[#4d48a1 2.6MiB/4.0MiB(65%) CN:1 DL:10KiB ETA:2m18s]
FILE: /run/media/lastrye/Dev/AIGC/ComfyUI/ComfyUI/custom_nodes/CNR_temp_4ce51664-1c8b-496d-b287-9f3bbfdfbb1b.zip
-------------------------------------------------------------------------------

[#4d48a1 2.6MiB/4.0MiB(65%) CN:1 DL:10KiB ETA:2m18s]
 *** Download Progress Summary as of Sun Dec 21 22:42:40 2025 *** 
===============================================================================
[#4d48a1 2.6MiB/4.0MiB(65%) CN:1 DL:8.3KiB ETA:2m49s]
FILE: /run/media/lastrye/Dev/AIGC/ComfyUI/ComfyUI/custom_nodes/CNR_temp_4ce51664-1c8b-496d-b287-9f3bbfdfbb1b.zip
-------------------------------------------------------------------------------

[#4d48a1 2.6MiB/4.0MiB(65%) CN:1 DL:8.3KiB ETA:2m49s]
 *** Download Progress Summary as of Sun Dec 21 22:42:41 2025 *** 
===============================================================================
[#4d48a1 2.6MiB/4.0MiB(66%) CN:1 DL:8.2KiB ETA:2m49s]
FILE: /run/media/lastrye/Dev/AIGC/ComfyUI/ComfyUI/custom_nodes/CNR_temp_4ce51664-1c8b-496d-b287-9f3bbfdfbb1b.zip
-------------------------------------------------------------------------------

[#4d48a1 2.6MiB/4.0MiB(66%) CN:1 DL:8.2KiB ETA:2m49s]
 *** Download Progress Summary as of Sun Dec 21 22:42:43 2025 *** 
===============================================================================
[#4d48a1 2.6MiB/4.0MiB(66%) CN:1 DL:9.0KiB ETA:2m33s]
FILE: /run/media/lastrye/Dev/AIGC/ComfyUI/ComfyUI/custom_nodes/CNR_temp_4ce51664-1c8b-496d-b287-9f3bbfdfbb1b.zip
-------------------------------------------------------------------------------

[#4d48a1 2.6MiB/4.0MiB(66%) CN:1 DL:9.0KiB ETA:2m33s]
 *** Download Progress Summary as of Sun Dec 21 22:42:44 2025 *** 
===============================================================================
[#4d48a1 2.6MiB/4.0MiB(66%) CN:1 DL:7.9KiB ETA:2m52s]
FILE: /run/media/lastrye/Dev/AIGC/ComfyUI/ComfyUI/custom_nodes/CNR_temp_4ce51664-1c8b-496d-b287-9f3bbfdfbb1b.zip
-------------------------------------------------------------------------------

[#4d48a1 2.6MiB/4.0MiB(66%) CN:1 DL:7.9KiB ETA:2m52s]
 *** Download Progress Summary as of Sun Dec 21 22:42:45 2025 *** 
===============================================================================
[#4d48a1 2.6MiB/4.0MiB(66%) CN:1 DL:8.1KiB ETA:2m47s]
FILE: /run/media/lastrye/Dev/AIGC/ComfyUI/ComfyUI/custom_nodes/CNR_temp_4ce51664-1c8b-496d-b287-9f3bbfdfbb1b.zip
-------------------------------------------------------------------------------

[#4d48a1 2.6MiB/4.0MiB(66%) CN:1 DL:8.1KiB ETA:2m47s]
 *** Download Progress Summary as of Sun Dec 21 22:42:46 2025 *** 
===============================================================================
[#4d48a1 2.6MiB/4.0MiB(66%) CN:1 DL:7.1KiB ETA:3m10s]
FILE: /run/media/lastrye/Dev/AIGC/ComfyUI/ComfyUI/custom_nodes/CNR_temp_4ce51664-1c8b-496d-b287-9f3bbfdfbb1b.zip
-------------------------------------------------------------------------------

[#4d48a1 2.6MiB/4.0MiB(66%) CN:1 DL:7.1KiB ETA:3m10s]
 *** Download Progress Summary as of Sun Dec 21 22:42:48 2025 *** 
===============================================================================
[#4d48a1 2.7MiB/4.0MiB(67%) CN:1 DL:7.5KiB ETA:2m58s]
FILE: /run/media/lastrye/Dev/AIGC/ComfyUI/ComfyUI/custom_nodes/CNR_temp_4ce51664-1c8b-496d-b287-9f3bbfdfbb1b.zip
-------------------------------------------------------------------------------

[#4d48a1 2.7MiB/4.0MiB(67%) CN:1 DL:7.5KiB ETA:2m58s]
 *** Download Progress Summary as of Sun Dec 21 22:42:50 2025 *** 
===============================================================================
[#4d48a1 2.7MiB/4.0MiB(67%) CN:1 DL:7.8KiB ETA:2m49s]
FILE: /run/media/lastrye/Dev/AIGC/ComfyUI/ComfyUI/custom_nodes/CNR_temp_4ce51664-1c8b-496d-b287-9f3bbfdfbb1b.zip
-------------------------------------------------------------------------------

[#4d48a1 2.7MiB/4.0MiB(67%) CN:1 DL:7.8KiB ETA:2m49s]
 *** Download Progress Summary as of Sun Dec 21 22:42:51 2025 *** 
===============================================================================
[#4d48a1 2.7MiB/4.0MiB(68%) CN:1 DL:7.6KiB ETA:2m53s]
FILE: /run/media/lastrye/Dev/AIGC/ComfyUI/ComfyUI/custom_nodes/CNR_temp_4ce51664-1c8b-496d-b287-9f3bbfdfbb1b.zip
-------------------------------------------------------------------------------

[#4d48a1 2.7MiB/4.0MiB(68%) CN:1 DL:7.6KiB ETA:2m53s]
 *** Download Progress Summary as of Sun Dec 21 22:42:53 2025 *** 
===============================================================================
[#4d48a1 2.7MiB/4.0MiB(68%) CN:1 DL:6.7KiB ETA:3m15s]
FILE: /run/media/lastrye/Dev/AIGC/ComfyUI/ComfyUI/custom_nodes/CNR_temp_4ce51664-1c8b-496d-b287-9f3bbfdfbb1b.zip
-------------------------------------------------------------------------------

[#4d48a1 2.7MiB/4.0MiB(68%) CN:1 DL:6.7KiB ETA:3m15s]
 *** Download Progress Summary as of Sun Dec 21 22:42:54 2025 *** 
===============================================================================
[#4d48a1 2.7MiB/4.0MiB(68%) CN:1 DL:7.1KiB ETA:3m1s]
FILE: /run/media/lastrye/Dev/AIGC/ComfyUI/ComfyUI/custom_nodes/CNR_temp_4ce51664-1c8b-496d-b287-9f3bbfdfbb1b.zip
-------------------------------------------------------------------------------

[#4d48a1 2.7MiB/4.0MiB(68%) CN:1 DL:7.1KiB ETA:3m1s]
 *** Download Progress Summary as of Sun Dec 21 22:42:55 2025 *** 
===============================================================================
[#4d48a1 2.7MiB/4.0MiB(68%) CN:1 DL:6.9KiB ETA:3m7s]
FILE: /run/media/lastrye/Dev/AIGC/ComfyUI/ComfyUI/custom_nodes/CNR_temp_4ce51664-1c8b-496d-b287-9f3bbfdfbb1b.zip
-------------------------------------------------------------------------------

[#4d48a1 2.7MiB/4.0MiB(68%) CN:1 DL:6.9KiB ETA:3m7s]
 *** Download Progress Summary as of Sun Dec 21 22:42:56 2025 *** 
===============================================================================
[#4d48a1 2.7MiB/4.0MiB(68%) CN:1 DL:7.6KiB ETA:2m48s]
FILE: /run/media/lastrye/Dev/AIGC/ComfyUI/ComfyUI/custom_nodes/CNR_temp_4ce51664-1c8b-496d-b287-9f3bbfdfbb1b.zip
-------------------------------------------------------------------------------

[#4d48a1 2.7MiB/4.0MiB(68%) CN:1 DL:7.6KiB ETA:2m48s]
 *** Download Progress Summary as of Sun Dec 21 22:42:57 2025 *** 
===============================================================================
[#4d48a1 2.7MiB/4.0MiB(68%) CN:1 DL:7.5KiB ETA:2m51s]
FILE: /run/media/lastrye/Dev/AIGC/ComfyUI/ComfyUI/custom_nodes/CNR_temp_4ce51664-1c8b-496d-b287-9f3bbfdfbb1b.zip
-------------------------------------------------------------------------------

[#4d48a1 2.7MiB/4.0MiB(68%) CN:1 DL:7.5KiB ETA:2m51s]
 *** Download Progress Summary as of Sun Dec 21 22:42:59 2025 *** 
===============================================================================
[#4d48a1 2.7MiB/4.0MiB(69%) CN:1 DL:6.4KiB ETA:3m18s]
FILE: /run/media/lastrye/Dev/AIGC/ComfyUI/ComfyUI/custom_nodes/CNR_temp_4ce51664-1c8b-496d-b287-9f3bbfdfbb1b.zip
-------------------------------------------------------------------------------

[#4d48a1 2.7MiB/4.0MiB(69%) CN:1 DL:6.4KiB ETA:3m18s]
 *** Download Progress Summary as of Sun Dec 21 22:43:00 2025 *** 
===============================================================================
[#4d48a1 2.7MiB/4.0MiB(69%) CN:1 DL:6.3KiB ETA:3m21s]
FILE: /run/media/lastrye/Dev/AIGC/ComfyUI/ComfyUI/custom_nodes/CNR_temp_4ce51664-1c8b-496d-b287-9f3bbfdfbb1b.zip
-------------------------------------------------------------------------------

[#4d48a1 2.7MiB/4.0MiB(69%) CN:1 DL:6.3KiB ETA:3m21s]
 *** Download Progress Summary as of Sun Dec 21 22:43:01 2025 *** 
===============================================================================
[#4d48a1 2.7MiB/4.0MiB(69%) CN:1 DL:5.9KiB ETA:3m29s]
FILE: /run/media/lastrye/Dev/AIGC/ComfyUI/ComfyUI/custom_nodes/CNR_temp_4ce51664-1c8b-496d-b287-9f3bbfdfbb1b.zip
-------------------------------------------------------------------------------

[#4d48a1 2.7MiB/4.0MiB(69%) CN:1 DL:5.9KiB ETA:3m29s]
 *** Download Progress Summary as of Sun Dec 21 22:43:02 2025 *** 
===============================================================================
[#4d48a1 2.7MiB/4.0MiB(69%) CN:1 DL:6.0KiB ETA:3m25s]
FILE: /run/media/lastrye/Dev/AIGC/ComfyUI/ComfyUI/custom_nodes/CNR_temp_4ce51664-1c8b-496d-b287-9f3bbfdfbb1b.zip
-------------------------------------------------------------------------------

[#4d48a1 2.7MiB/4.0MiB(69%) CN:1 DL:6.0KiB ETA:3m25s]
 *** Download Progress Summary as of Sun Dec 21 22:43:04 2025 *** 
===============================================================================
[#4d48a1 2.7MiB/4.0MiB(69%) CN:1 DL:5.2KiB ETA:3m57s]
FILE: /run/media/lastrye/Dev/AIGC/ComfyUI/ComfyUI/custom_nodes/CNR_temp_4ce51664-1c8b-496d-b287-9f3bbfdfbb1b.zip
-------------------------------------------------------------------------------

[#4d48a1 2.7MiB/4.0MiB(69%) CN:1 DL:5.2KiB ETA:3m57s]
 *** Download Progress Summary as of Sun Dec 21 22:43:05 2025 *** 
===============================================================================
[#4d48a1 2.8MiB/4.0MiB(69%) CN:1 DL:6.7KiB ETA:3m4s]
FILE: /run/media/lastrye/Dev/AIGC/ComfyUI/ComfyUI/custom_nodes/CNR_temp_4ce51664-1c8b-496d-b287-9f3bbfdfbb1b.zip
-------------------------------------------------------------------------------

[#4d48a1 2.8MiB/4.0MiB(69%) CN:1 DL:6.7KiB ETA:3m4s]
 *** Download Progress Summary as of Sun Dec 21 22:43:06 2025 *** 
===============================================================================
[#4d48a1 2.8MiB/4.0MiB(69%) CN:1 DL:6.0KiB ETA:3m25s]
FILE: /run/media/lastrye/Dev/AIGC/ComfyUI/ComfyUI/custom_nodes/CNR_temp_4ce51664-1c8b-496d-b287-9f3bbfdfbb1b.zip
-------------------------------------------------------------------------------

[#4d48a1 2.8MiB/4.0MiB(69%) CN:1 DL:6.0KiB ETA:3m25s]
 *** Download Progress Summary as of Sun Dec 21 22:43:07 2025 *** 
===============================================================================
[#4d48a1 2.8MiB/4.0MiB(70%) CN:1 DL:6.1KiB ETA:3m18s]
FILE: /run/media/lastrye/Dev/AIGC/ComfyUI/ComfyUI/custom_nodes/CNR_temp_4ce51664-1c8b-496d-b287-9f3bbfdfbb1b.zip
-------------------------------------------------------------------------------

[#4d48a1 2.8MiB/4.0MiB(70%) CN:1 DL:6.1KiB ETA:3m18s]
 *** Download Progress Summary as of Sun Dec 21 22:43:08 2025 *** 
===============================================================================
[#4d48a1 2.8MiB/4.0MiB(70%) CN:1 DL:6.8KiB ETA:2m57s]
FILE: /run/media/lastrye/Dev/AIGC/ComfyUI/ComfyUI/custom_nodes/CNR_temp_4ce51664-1c8b-496d-b287-9f3bbfdfbb1b.zip
-------------------------------------------------------------------------------

[#4d48a1 2.8MiB/4.0MiB(70%) CN:1 DL:6.8KiB ETA:2m57s]
 *** Download Progress Summary as of Sun Dec 21 22:43:09 2025 *** 
===============================================================================
[#4d48a1 2.8MiB/4.0MiB(70%) CN:1 DL:6.6KiB ETA:3m1s]
FILE: /run/media/lastrye/Dev/AIGC/ComfyUI/ComfyUI/custom_nodes/CNR_temp_4ce51664-1c8b-496d-b287-9f3bbfdfbb1b.zip
-------------------------------------------------------------------------------

[#4d48a1 2.8MiB/4.0MiB(70%) CN:1 DL:6.6KiB ETA:3m1s]
 *** Download Progress Summary as of Sun Dec 21 22:43:10 2025 *** 
===============================================================================
[#4d48a1 2.8MiB/4.0MiB(70%) CN:1 DL:6.3KiB ETA:3m11s]
FILE: /run/media/lastrye/Dev/AIGC/ComfyUI/ComfyUI/custom_nodes/CNR_temp_4ce51664-1c8b-496d-b287-9f3bbfdfbb1b.zip
-------------------------------------------------------------------------------

[#4d48a1 2.8MiB/4.0MiB(70%) CN:1 DL:6.3KiB ETA:3m11s]
 *** Download Progress Summary as of Sun Dec 21 22:43:12 2025 *** 
===============================================================================
[#4d48a1 2.8MiB/4.0MiB(71%) CN:1 DL:7.4KiB ETA:2m40s]
FILE: /run/media/lastrye/Dev/AIGC/ComfyUI/ComfyUI/custom_nodes/CNR_temp_4ce51664-1c8b-496d-b287-9f3bbfdfbb1b.zip
-------------------------------------------------------------------------------

[#4d48a1 2.8MiB/4.0MiB(71%) CN:1 DL:7.4KiB ETA:2m40s]
 *** Download Progress Summary as of Sun Dec 21 22:43:13 2025 *** 
===============================================================================
[#4d48a1 2.8MiB/4.0MiB(71%) CN:1 DL:7.4KiB ETA:2m38s]
FILE: /run/media/lastrye/Dev/AIGC/ComfyUI/ComfyUI/custom_nodes/CNR_temp_4ce51664-1c8b-496d-b287-9f3bbfdfbb1b.zip
-------------------------------------------------------------------------------

[#4d48a1 2.8MiB/4.0MiB(71%) CN:1 DL:7.4KiB ETA:2m38s]
 *** Download Progress Summary as of Sun Dec 21 22:43:14 2025 *** 
===============================================================================
[#4d48a1 2.8MiB/4.0MiB(71%) CN:1 DL:6.4KiB ETA:3m1s]
FILE: /run/media/lastrye/Dev/AIGC/ComfyUI/ComfyUI/custom_nodes/CNR_temp_4ce51664-1c8b-496d-b287-9f3bbfdfbb1b.zip
-------------------------------------------------------------------------------

[#4d48a1 2.8MiB/4.0MiB(71%) CN:1 DL:6.4KiB ETA:3m1s]
 *** Download Progress Summary as of Sun Dec 21 22:43:15 2025 *** 
===============================================================================
[#4d48a1 2.8MiB/4.0MiB(71%) CN:1 DL:6.5KiB ETA:2m59s]
FILE: /run/media/lastrye/Dev/AIGC/ComfyUI/ComfyUI/custom_nodes/CNR_temp_4ce51664-1c8b-496d-b287-9f3bbfdfbb1b.zip
-------------------------------------------------------------------------------

[#4d48a1 2.8MiB/4.0MiB(71%) CN:1 DL:6.5KiB ETA:2m59s]
 *** Download Progress Summary as of Sun Dec 21 22:43:16 2025 *** 
===============================================================================
[#4d48a1 2.8MiB/4.0MiB(71%) CN:1 DL:7.2KiB ETA:2m38s]
FILE: /run/media/lastrye/Dev/AIGC/ComfyUI/ComfyUI/custom_nodes/CNR_temp_4ce51664-1c8b-496d-b287-9f3bbfdfbb1b.zip
-------------------------------------------------------------------------------

[#4d48a1 2.8MiB/4.0MiB(71%) CN:1 DL:7.2KiB ETA:2m38s]
 *** Download Progress Summary as of Sun Dec 21 22:43:17 2025 *** 
===============================================================================
[#4d48a1 2.9MiB/4.0MiB(72%) CN:1 DL:8.5KiB ETA:2m13s]
FILE: /run/media/lastrye/Dev/AIGC/ComfyUI/ComfyUI/custom_nodes/CNR_temp_4ce51664-1c8b-496d-b287-9f3bbfdfbb1b.zip
-------------------------------------------------------------------------------

[#4d48a1 2.9MiB/4.0MiB(72%) CN:1 DL:8.5KiB ETA:2m13s]
 *** Download Progress Summary as of Sun Dec 21 22:43:18 2025 *** 
===============================================================================
[#4d48a1 2.9MiB/4.0MiB(72%) CN:1 DL:8.2KiB ETA:2m17s]
FILE: /run/media/lastrye/Dev/AIGC/ComfyUI/ComfyUI/custom_nodes/CNR_temp_4ce51664-1c8b-496d-b287-9f3bbfdfbb1b.zip
-------------------------------------------------------------------------------

[#4d48a1 2.9MiB/4.0MiB(72%) CN:1 DL:8.2KiB ETA:2m17s]
 *** Download Progress Summary as of Sun Dec 21 22:43:20 2025 *** 
===============================================================================
[#4d48a1 2.9MiB/4.0MiB(72%) CN:1 DL:8.7KiB ETA:2m9s]
FILE: /run/media/lastrye/Dev/AIGC/ComfyUI/ComfyUI/custom_nodes/CNR_temp_4ce51664-1c8b-496d-b287-9f3bbfdfbb1b.zip
-------------------------------------------------------------------------------

[#4d48a1 2.9MiB/4.0MiB(72%) CN:1 DL:8.7KiB ETA:2m9s]
 *** Download Progress Summary as of Sun Dec 21 22:43:21 2025 *** 
===============================================================================
[#4d48a1 2.9MiB/4.0MiB(73%) CN:1 DL:9.2KiB ETA:1m59s]
FILE: /run/media/lastrye/Dev/AIGC/ComfyUI/ComfyUI/custom_nodes/CNR_temp_4ce51664-1c8b-496d-b287-9f3bbfdfbb1b.zip
-------------------------------------------------------------------------------

[#4d48a1 2.9MiB/4.0MiB(73%) CN:1 DL:9.2KiB ETA:1m59s]
 *** Download Progress Summary as of Sun Dec 21 22:43:22 2025 *** 
===============================================================================
[#4d48a1 2.9MiB/4.0MiB(73%) CN:1 DL:10KiB ETA:1m40s]
FILE: /run/media/lastrye/Dev/AIGC/ComfyUI/ComfyUI/custom_nodes/CNR_temp_4ce51664-1c8b-496d-b287-9f3bbfdfbb1b.zip
-------------------------------------------------------------------------------

[#4d48a1 2.9MiB/4.0MiB(73%) CN:1 DL:10KiB ETA:1m40s]
 *** Download Progress Summary as of Sun Dec 21 22:43:23 2025 *** 
===============================================================================
[#4d48a1 2.9MiB/4.0MiB(73%) CN:1 DL:10KiB ETA:1m42s]
FILE: /run/media/lastrye/Dev/AIGC/ComfyUI/ComfyUI/custom_nodes/CNR_temp_4ce51664-1c8b-496d-b287-9f3bbfdfbb1b.zip
-------------------------------------------------------------------------------

[#4d48a1 2.9MiB/4.0MiB(73%) CN:1 DL:10KiB ETA:1m42s]
 *** Download Progress Summary as of Sun Dec 21 22:43:25 2025 *** 
===============================================================================
[#4d48a1 2.9MiB/4.0MiB(74%) CN:1 DL:10KiB ETA:1m45s]
FILE: /run/media/lastrye/Dev/AIGC/ComfyUI/ComfyUI/custom_nodes/CNR_temp_4ce51664-1c8b-496d-b287-9f3bbfdfbb1b.zip
-------------------------------------------------------------------------------

[#4d48a1 2.9MiB/4.0MiB(74%) CN:1 DL:10KiB ETA:1m45s]
 *** Download Progress Summary as of Sun Dec 21 22:43:26 2025 *** 
===============================================================================
[#4d48a1 3.0MiB/4.0MiB(74%) CN:1 DL:10KiB ETA:1m39s]
FILE: /run/media/lastrye/Dev/AIGC/ComfyUI/ComfyUI/custom_nodes/CNR_temp_4ce51664-1c8b-496d-b287-9f3bbfdfbb1b.zip
-------------------------------------------------------------------------------

[#4d48a1 3.0MiB/4.0MiB(74%) CN:1 DL:10KiB ETA:1m39s]
 *** Download Progress Summary as of Sun Dec 21 22:43:27 2025 *** 
===============================================================================
[#4d48a1 3.0MiB/4.0MiB(74%) CN:1 DL:10KiB ETA:1m35s]
FILE: /run/media/lastrye/Dev/AIGC/ComfyUI/ComfyUI/custom_nodes/CNR_temp_4ce51664-1c8b-496d-b287-9f3bbfdfbb1b.zip
-------------------------------------------------------------------------------

[#4d48a1 3.0MiB/4.0MiB(74%) CN:1 DL:10KiB ETA:1m35s]
 *** Download Progress Summary as of Sun Dec 21 22:43:28 2025 *** 
===============================================================================
[#4d48a1 3.0MiB/4.0MiB(75%) CN:1 DL:10KiB ETA:1m38s]
FILE: /run/media/lastrye/Dev/AIGC/ComfyUI/ComfyUI/custom_nodes/CNR_temp_4ce51664-1c8b-496d-b287-9f3bbfdfbb1b.zip
-------------------------------------------------------------------------------

[#4d48a1 3.0MiB/4.0MiB(75%) CN:1 DL:10KiB ETA:1m38s]
 *** Download Progress Summary as of Sun Dec 21 22:43:29 2025 *** 
===============================================================================
[#4d48a1 3.0MiB/4.0MiB(75%) CN:1 DL:10KiB ETA:1m37s]
FILE: /run/media/lastrye/Dev/AIGC/ComfyUI/ComfyUI/custom_nodes/CNR_temp_4ce51664-1c8b-496d-b287-9f3bbfdfbb1b.zip
-------------------------------------------------------------------------------

[#4d48a1 3.0MiB/4.0MiB(75%) CN:1 DL:10KiB ETA:1m37s]
 *** Download Progress Summary as of Sun Dec 21 22:43:30 2025 *** 
===============================================================================
[#4d48a1 3.0MiB/4.0MiB(75%) CN:1 DL:9.5KiB ETA:1m45s]
FILE: /run/media/lastrye/Dev/AIGC/ComfyUI/ComfyUI/custom_nodes/CNR_temp_4ce51664-1c8b-496d-b287-9f3bbfdfbb1b.zip
-------------------------------------------------------------------------------

[#4d48a1 3.0MiB/4.0MiB(75%) CN:1 DL:9.5KiB ETA:1m45s]
 *** Download Progress Summary as of Sun Dec 21 22:43:31 2025 *** 
===============================================================================
[#4d48a1 3.0MiB/4.0MiB(75%) CN:1 DL:8.8KiB ETA:1m53s]
FILE: /run/media/lastrye/Dev/AIGC/ComfyUI/ComfyUI/custom_nodes/CNR_temp_4ce51664-1c8b-496d-b287-9f3bbfdfbb1b.zip
-------------------------------------------------------------------------------

[#4d48a1 3.0MiB/4.0MiB(75%) CN:1 DL:8.8KiB ETA:1m53s]
 *** Download Progress Summary as of Sun Dec 21 22:43:32 2025 *** 
===============================================================================
[#4d48a1 3.0MiB/4.0MiB(75%) CN:1 DL:8.2KiB ETA:2m]
FILE: /run/media/lastrye/Dev/AIGC/ComfyUI/ComfyUI/custom_nodes/CNR_temp_4ce51664-1c8b-496d-b287-9f3bbfdfbb1b.zip
-------------------------------------------------------------------------------

[#4d48a1 3.0MiB/4.0MiB(75%) CN:1 DL:8.2KiB ETA:2m]
 *** Download Progress Summary as of Sun Dec 21 22:43:34 2025 *** 
===============================================================================
[#4d48a1 3.0MiB/4.0MiB(76%) CN:1 DL:9.1KiB ETA:1m47s]
FILE: /run/media/lastrye/Dev/AIGC/ComfyUI/ComfyUI/custom_nodes/CNR_temp_4ce51664-1c8b-496d-b287-9f3bbfdfbb1b.zip
-------------------------------------------------------------------------------

[#4d48a1 3.0MiB/4.0MiB(76%) CN:1 DL:9.1KiB ETA:1m47s]
 *** Download Progress Summary as of Sun Dec 21 22:43:35 2025 *** 
===============================================================================
[#4d48a1 3.0MiB/4.0MiB(76%) CN:1 DL:9.2KiB ETA:1m45s]
FILE: /run/media/lastrye/Dev/AIGC/ComfyUI/ComfyUI/custom_nodes/CNR_temp_4ce51664-1c8b-496d-b287-9f3bbfdfbb1b.zip
-------------------------------------------------------------------------------

[#4d48a1 3.0MiB/4.0MiB(76%) CN:1 DL:9.2KiB ETA:1m45s]
 *** Download Progress Summary as of Sun Dec 21 22:43:37 2025 *** 
===============================================================================
[#4d48a1 3.0MiB/4.0MiB(76%) CN:1 DL:8.6KiB ETA:1m51s]
FILE: /run/media/lastrye/Dev/AIGC/ComfyUI/ComfyUI/custom_nodes/CNR_temp_4ce51664-1c8b-496d-b287-9f3bbfdfbb1b.zip
-------------------------------------------------------------------------------

[#4d48a1 3.0MiB/4.0MiB(76%) CN:1 DL:8.6KiB ETA:1m51s]
 *** Download Progress Summary as of Sun Dec 21 22:43:38 2025 *** 
===============================================================================
[#4d48a1 3.0MiB/4.0MiB(76%) CN:1 DL:9.1KiB ETA:1m43s]
FILE: /run/media/lastrye/Dev/AIGC/ComfyUI/ComfyUI/custom_nodes/CNR_temp_4ce51664-1c8b-496d-b287-9f3bbfdfbb1b.zip
-------------------------------------------------------------------------------

[#4d48a1 3.0MiB/4.0MiB(76%) CN:1 DL:9.1KiB ETA:1m43s]
 *** Download Progress Summary as of Sun Dec 21 22:43:39 2025 *** 
===============================================================================
[#4d48a1 3.1MiB/4.0MiB(77%) CN:1 DL:10KiB ETA:1m29s]
FILE: /run/media/lastrye/Dev/AIGC/ComfyUI/ComfyUI/custom_nodes/CNR_temp_4ce51664-1c8b-496d-b287-9f3bbfdfbb1b.zip
-------------------------------------------------------------------------------

[#4d48a1 3.1MiB/4.0MiB(77%) CN:1 DL:10KiB ETA:1m29s]
 *** Download Progress Summary as of Sun Dec 21 22:43:40 2025 *** 
===============================================================================
[#4d48a1 3.1MiB/4.0MiB(78%) CN:1 DL:10KiB ETA:1m22s]
FILE: /run/media/lastrye/Dev/AIGC/ComfyUI/ComfyUI/custom_nodes/CNR_temp_4ce51664-1c8b-496d-b287-9f3bbfdfbb1b.zip
-------------------------------------------------------------------------------

[#4d48a1 3.1MiB/4.0MiB(78%) CN:1 DL:10KiB ETA:1m22s]
 *** Download Progress Summary as of Sun Dec 21 22:43:42 2025 *** 
===============================================================================
[#4d48a1 3.1MiB/4.0MiB(78%) CN:1 DL:13KiB ETA:1m6s]
FILE: /run/media/lastrye/Dev/AIGC/ComfyUI/ComfyUI/custom_nodes/CNR_temp_4ce51664-1c8b-496d-b287-9f3bbfdfbb1b.zip
-------------------------------------------------------------------------------

[#4d48a1 3.1MiB/4.0MiB(78%) CN:1 DL:13KiB ETA:1m6s]
 *** Download Progress Summary as of Sun Dec 21 22:43:43 2025 *** 
===============================================================================
[#4d48a1 3.1MiB/4.0MiB(78%) CN:1 DL:13KiB ETA:1m3s]
FILE: /run/media/lastrye/Dev/AIGC/ComfyUI/ComfyUI/custom_nodes/CNR_temp_4ce51664-1c8b-496d-b287-9f3bbfdfbb1b.zip
-------------------------------------------------------------------------------

[#4d48a1 3.1MiB/4.0MiB(78%) CN:1 DL:13KiB ETA:1m3s]
 *** Download Progress Summary as of Sun Dec 21 22:43:44 2025 *** 
===============================================================================
[#4d48a1 3.2MiB/4.0MiB(79%) CN:1 DL:15KiB ETA:52s]
FILE: /run/media/lastrye/Dev/AIGC/ComfyUI/ComfyUI/custom_nodes/CNR_temp_4ce51664-1c8b-496d-b287-9f3bbfdfbb1b.zip
-------------------------------------------------------------------------------

[#4d48a1 3.2MiB/4.0MiB(79%) CN:1 DL:15KiB ETA:52s]
 *** Download Progress Summary as of Sun Dec 21 22:43:45 2025 *** 
===============================================================================
[#4d48a1 3.2MiB/4.0MiB(80%) CN:1 DL:17KiB ETA:45s]
FILE: /run/media/lastrye/Dev/AIGC/ComfyUI/ComfyUI/custom_nodes/CNR_temp_4ce51664-1c8b-496d-b287-9f3bbfdfbb1b.zip
-------------------------------------------------------------------------------

[#4d48a1 3.2MiB/4.0MiB(80%) CN:1 DL:17KiB ETA:45s]
 *** Download Progress Summary as of Sun Dec 21 22:43:46 2025 *** 
===============================================================================
[#4d48a1 3.2MiB/4.0MiB(81%) CN:1 DL:18KiB ETA:40s]
FILE: /run/media/lastrye/Dev/AIGC/ComfyUI/ComfyUI/custom_nodes/CNR_temp_4ce51664-1c8b-496d-b287-9f3bbfdfbb1b.zip
-------------------------------------------------------------------------------

[#4d48a1 3.2MiB/4.0MiB(81%) CN:1 DL:18KiB ETA:40s]
 *** Download Progress Summary as of Sun Dec 21 22:43:47 2025 *** 
===============================================================================
[#4d48a1 3.2MiB/4.0MiB(81%) CN:1 DL:20KiB ETA:37s]
FILE: /run/media/lastrye/Dev/AIGC/ComfyUI/ComfyUI/custom_nodes/CNR_temp_4ce51664-1c8b-496d-b287-9f3bbfdfbb1b.zip
-------------------------------------------------------------------------------

[#4d48a1 3.2MiB/4.0MiB(81%) CN:1 DL:20KiB ETA:37s]
 *** Download Progress Summary as of Sun Dec 21 22:43:49 2025 *** 
===============================================================================
[#4d48a1 3.2MiB/4.0MiB(82%) CN:1 DL:19KiB ETA:37s]
FILE: /run/media/lastrye/Dev/AIGC/ComfyUI/ComfyUI/custom_nodes/CNR_temp_4ce51664-1c8b-496d-b287-9f3bbfdfbb1b.zip
-------------------------------------------------------------------------------

[#4d48a1 3.2MiB/4.0MiB(82%) CN:1 DL:19KiB ETA:37s]
 *** Download Progress Summary as of Sun Dec 21 22:43:50 2025 *** 
===============================================================================
[#4d48a1 3.3MiB/4.0MiB(82%) CN:1 DL:20KiB ETA:34s]
FILE: /run/media/lastrye/Dev/AIGC/ComfyUI/ComfyUI/custom_nodes/CNR_temp_4ce51664-1c8b-496d-b287-9f3bbfdfbb1b.zip
-------------------------------------------------------------------------------

[#4d48a1 3.3MiB/4.0MiB(82%) CN:1 DL:20KiB ETA:34s]
 *** Download Progress Summary as of Sun Dec 21 22:43:51 2025 *** 
===============================================================================
[#4d48a1 3.3MiB/4.0MiB(83%) CN:1 DL:21KiB ETA:31s]
FILE: /run/media/lastrye/Dev/AIGC/ComfyUI/ComfyUI/custom_nodes/CNR_temp_4ce51664-1c8b-496d-b287-9f3bbfdfbb1b.zip
-------------------------------------------------------------------------------

[#4d48a1 3.3MiB/4.0MiB(83%) CN:1 DL:21KiB ETA:31s]
 *** Download Progress Summary as of Sun Dec 21 22:43:52 2025 *** 
===============================================================================
[#4d48a1 3.3MiB/4.0MiB(83%) CN:1 DL:21KiB ETA:30s]
FILE: /run/media/lastrye/Dev/AIGC/ComfyUI/ComfyUI/custom_nodes/CNR_temp_4ce51664-1c8b-496d-b287-9f3bbfdfbb1b.zip
-------------------------------------------------------------------------------

[#4d48a1 3.3MiB/4.0MiB(83%) CN:1 DL:21KiB ETA:30s]
 *** Download Progress Summary as of Sun Dec 21 22:43:53 2025 *** 
===============================================================================
[#4d48a1 3.4MiB/4.0MiB(84%) CN:1 DL:20KiB ETA:30s]
FILE: /run/media/lastrye/Dev/AIGC/ComfyUI/ComfyUI/custom_nodes/CNR_temp_4ce51664-1c8b-496d-b287-9f3bbfdfbb1b.zip
-------------------------------------------------------------------------------

[#4d48a1 3.4MiB/4.0MiB(84%) CN:1 DL:20KiB ETA:30s]
 *** Download Progress Summary as of Sun Dec 21 22:43:54 2025 *** 
===============================================================================
[#4d48a1 3.4MiB/4.0MiB(85%) CN:1 DL:21KiB ETA:27s]
FILE: /run/media/lastrye/Dev/AIGC/ComfyUI/ComfyUI/custom_nodes/CNR_temp_4ce51664-1c8b-496d-b287-9f3bbfdfbb1b.zip
-------------------------------------------------------------------------------

[#4d48a1 3.4MiB/4.0MiB(85%) CN:1 DL:21KiB ETA:27s]
 *** Download Progress Summary as of Sun Dec 21 22:43:55 2025 *** 
===============================================================================
[#4d48a1 3.4MiB/4.0MiB(85%) CN:1 DL:20KiB ETA:27s]
FILE: /run/media/lastrye/Dev/AIGC/ComfyUI/ComfyUI/custom_nodes/CNR_temp_4ce51664-1c8b-496d-b287-9f3bbfdfbb1b.zip
-------------------------------------------------------------------------------

[#4d48a1 3.4MiB/4.0MiB(85%) CN:1 DL:20KiB ETA:27s]
 *** Download Progress Summary as of Sun Dec 21 22:43:56 2025 *** 
===============================================================================
[#4d48a1 3.4MiB/4.0MiB(86%) CN:1 DL:20KiB ETA:27s]
FILE: /run/media/lastrye/Dev/AIGC/ComfyUI/ComfyUI/custom_nodes/CNR_temp_4ce51664-1c8b-496d-b287-9f3bbfdfbb1b.zip
-------------------------------------------------------------------------------

[#4d48a1 3.4MiB/4.0MiB(86%) CN:1 DL:20KiB ETA:27s]
 *** Download Progress Summary as of Sun Dec 21 22:43:57 2025 *** 
===============================================================================
[#4d48a1 3.4MiB/4.0MiB(86%) CN:1 DL:20KiB ETA:27s]
FILE: /run/media/lastrye/Dev/AIGC/ComfyUI/ComfyUI/custom_nodes/CNR_temp_4ce51664-1c8b-496d-b287-9f3bbfdfbb1b.zip
-------------------------------------------------------------------------------

[#4d48a1 3.4MiB/4.0MiB(86%) CN:1 DL:20KiB ETA:27s]
 *** Download Progress Summary as of Sun Dec 21 22:43:59 2025 *** 
===============================================================================
[#4d48a1 3.5MiB/4.0MiB(87%) CN:1 DL:19KiB ETA:26s]
FILE: /run/media/lastrye/Dev/AIGC/ComfyUI/ComfyUI/custom_nodes/CNR_temp_4ce51664-1c8b-496d-b287-9f3bbfdfbb1b.zip
-------------------------------------------------------------------------------

[#4d48a1 3.5MiB/4.0MiB(87%) CN:1 DL:19KiB ETA:26s]
 *** Download Progress Summary as of Sun Dec 21 22:44:00 2025 *** 
===============================================================================
[#4d48a1 3.5MiB/4.0MiB(87%) CN:1 DL:18KiB ETA:28s]
FILE: /run/media/lastrye/Dev/AIGC/ComfyUI/ComfyUI/custom_nodes/CNR_temp_4ce51664-1c8b-496d-b287-9f3bbfdfbb1b.zip
-------------------------------------------------------------------------------

[#4d48a1 3.5MiB/4.0MiB(87%) CN:1 DL:18KiB ETA:28s]
 *** Download Progress Summary as of Sun Dec 21 22:44:01 2025 *** 
===============================================================================
[#4d48a1 3.5MiB/4.0MiB(87%) CN:1 DL:18KiB ETA:27s]
FILE: /run/media/lastrye/Dev/AIGC/ComfyUI/ComfyUI/custom_nodes/CNR_temp_4ce51664-1c8b-496d-b287-9f3bbfdfbb1b.zip
-------------------------------------------------------------------------------

[#4d48a1 3.5MiB/4.0MiB(87%) CN:1 DL:18KiB ETA:27s]
 *** Download Progress Summary as of Sun Dec 21 22:44:02 2025 *** 
===============================================================================
[#4d48a1 3.5MiB/4.0MiB(87%) CN:1 DL:15KiB ETA:32s]
FILE: /run/media/lastrye/Dev/AIGC/ComfyUI/ComfyUI/custom_nodes/CNR_temp_4ce51664-1c8b-496d-b287-9f3bbfdfbb1b.zip
-------------------------------------------------------------------------------

[#4d48a1 3.5MiB/4.0MiB(87%) CN:1 DL:15KiB ETA:32s]
 *** Download Progress Summary as of Sun Dec 21 22:44:03 2025 *** 
===============================================================================
[#4d48a1 3.5MiB/4.0MiB(88%) CN:1 DL:14KiB ETA:33s]
FILE: /run/media/lastrye/Dev/AIGC/ComfyUI/ComfyUI/custom_nodes/CNR_temp_4ce51664-1c8b-496d-b287-9f3bbfdfbb1b.zip
-------------------------------------------------------------------------------

[#4d48a1 3.5MiB/4.0MiB(88%) CN:1 DL:14KiB ETA:33s]
 *** Download Progress Summary as of Sun Dec 21 22:44:05 2025 *** 
===============================================================================
[#4d48a1 3.5MiB/4.0MiB(88%) CN:1 DL:12KiB ETA:36s]
FILE: /run/media/lastrye/Dev/AIGC/ComfyUI/ComfyUI/custom_nodes/CNR_temp_4ce51664-1c8b-496d-b287-9f3bbfdfbb1b.zip
-------------------------------------------------------------------------------

[#4d48a1 3.5MiB/4.0MiB(88%) CN:1 DL:12KiB ETA:36s]
 *** Download Progress Summary as of Sun Dec 21 22:44:06 2025 *** 
===============================================================================
[#4d48a1 3.5MiB/4.0MiB(89%) CN:1 DL:12KiB ETA:36s]
FILE: /run/media/lastrye/Dev/AIGC/ComfyUI/ComfyUI/custom_nodes/CNR_temp_4ce51664-1c8b-496d-b287-9f3bbfdfbb1b.zip
-------------------------------------------------------------------------------

[#4d48a1 3.5MiB/4.0MiB(89%) CN:1 DL:12KiB ETA:36s]
 *** Download Progress Summary as of Sun Dec 21 22:44:07 2025 *** 
===============================================================================
[#4d48a1 3.5MiB/4.0MiB(89%) CN:1 DL:12KiB ETA:34s]
FILE: /run/media/lastrye/Dev/AIGC/ComfyUI/ComfyUI/custom_nodes/CNR_temp_4ce51664-1c8b-496d-b287-9f3bbfdfbb1b.zip
-------------------------------------------------------------------------------

[#4d48a1 3.5MiB/4.0MiB(89%) CN:1 DL:12KiB ETA:34s]
 *** Download Progress Summary as of Sun Dec 21 22:44:08 2025 *** 
===============================================================================
[#4d48a1 3.6MiB/4.0MiB(89%) CN:1 DL:11KiB ETA:35s]
FILE: /run/media/lastrye/Dev/AIGC/ComfyUI/ComfyUI/custom_nodes/CNR_temp_4ce51664-1c8b-496d-b287-9f3bbfdfbb1b.zip
-------------------------------------------------------------------------------

[#4d48a1 3.6MiB/4.0MiB(89%) CN:1 DL:11KiB ETA:35s]
 *** Download Progress Summary as of Sun Dec 21 22:44:09 2025 *** 
===============================================================================
[#4d48a1 3.6MiB/4.0MiB(90%) CN:1 DL:12KiB ETA:32s]
FILE: /run/media/lastrye/Dev/AIGC/ComfyUI/ComfyUI/custom_nodes/CNR_temp_4ce51664-1c8b-496d-b287-9f3bbfdfbb1b.zip
-------------------------------------------------------------------------------

[#4d48a1 3.6MiB/4.0MiB(90%) CN:1 DL:12KiB ETA:32s]
 *** Download Progress Summary as of Sun Dec 21 22:44:10 2025 *** 
===============================================================================
[#4d48a1 3.6MiB/4.0MiB(90%) CN:1 DL:11KiB ETA:32s]
FILE: /run/media/lastrye/Dev/AIGC/ComfyUI/ComfyUI/custom_nodes/CNR_temp_4ce51664-1c8b-496d-b287-9f3bbfdfbb1b.zip
-------------------------------------------------------------------------------

[#4d48a1 3.6MiB/4.0MiB(90%) CN:1 DL:11KiB ETA:32s]
 *** Download Progress Summary as of Sun Dec 21 22:44:12 2025 *** 
===============================================================================
[#4d48a1 3.6MiB/4.0MiB(90%) CN:1 DL:13KiB ETA:28s]
FILE: /run/media/lastrye/Dev/AIGC/ComfyUI/ComfyUI/custom_nodes/CNR_temp_4ce51664-1c8b-496d-b287-9f3bbfdfbb1b.zip
-------------------------------------------------------------------------------

[#4d48a1 3.6MiB/4.0MiB(90%) CN:1 DL:13KiB ETA:28s]
 *** Download Progress Summary as of Sun Dec 21 22:44:13 2025 *** 
===============================================================================
[#4d48a1 3.6MiB/4.0MiB(91%) CN:1 DL:13KiB ETA:27s]
FILE: /run/media/lastrye/Dev/AIGC/ComfyUI/ComfyUI/custom_nodes/CNR_temp_4ce51664-1c8b-496d-b287-9f3bbfdfbb1b.zip
-------------------------------------------------------------------------------

[#4d48a1 3.6MiB/4.0MiB(91%) CN:1 DL:13KiB ETA:27s]
 *** Download Progress Summary as of Sun Dec 21 22:44:14 2025 *** 
===============================================================================
[#4d48a1 3.6MiB/4.0MiB(91%) CN:1 DL:13KiB ETA:25s]
FILE: /run/media/lastrye/Dev/AIGC/ComfyUI/ComfyUI/custom_nodes/CNR_temp_4ce51664-1c8b-496d-b287-9f3bbfdfbb1b.zip
-------------------------------------------------------------------------------

[#4d48a1 3.6MiB/4.0MiB(91%) CN:1 DL:13KiB ETA:25s]
 *** Download Progress Summary as of Sun Dec 21 22:44:16 2025 *** 
===============================================================================
[#4d48a1 3.7MiB/4.0MiB(92%) CN:1 DL:13KiB ETA:24s]
FILE: /run/media/lastrye/Dev/AIGC/ComfyUI/ComfyUI/custom_nodes/CNR_temp_4ce51664-1c8b-496d-b287-9f3bbfdfbb1b.zip
-------------------------------------------------------------------------------

[#4d48a1 3.7MiB/4.0MiB(92%) CN:1 DL:13KiB ETA:24s]
 *** Download Progress Summary as of Sun Dec 21 22:44:17 2025 *** 
===============================================================================
[#4d48a1 3.7MiB/4.0MiB(92%) CN:1 DL:13KiB ETA:21s]
FILE: /run/media/lastrye/Dev/AIGC/ComfyUI/ComfyUI/custom_nodes/CNR_temp_4ce51664-1c8b-496d-b287-9f3bbfdfbb1b.zip
-------------------------------------------------------------------------------

[#4d48a1 3.7MiB/4.0MiB(92%) CN:1 DL:13KiB ETA:21s]
 *** Download Progress Summary as of Sun Dec 21 22:44:19 2025 *** 
===============================================================================
[#4d48a1 3.7MiB/4.0MiB(93%) CN:1 DL:13KiB ETA:20s]
FILE: /run/media/lastrye/Dev/AIGC/ComfyUI/ComfyUI/custom_nodes/CNR_temp_4ce51664-1c8b-496d-b287-9f3bbfdfbb1b.zip
-------------------------------------------------------------------------------

[#4d48a1 3.7MiB/4.0MiB(93%) CN:1 DL:13KiB ETA:20s]
 *** Download Progress Summary as of Sun Dec 21 22:44:20 2025 *** 
===============================================================================
[#4d48a1 3.7MiB/4.0MiB(93%) CN:1 DL:13KiB ETA:19s]
FILE: /run/media/lastrye/Dev/AIGC/ComfyUI/ComfyUI/custom_nodes/CNR_temp_4ce51664-1c8b-496d-b287-9f3bbfdfbb1b.zip
-------------------------------------------------------------------------------

[#4d48a1 3.7MiB/4.0MiB(93%) CN:1 DL:13KiB ETA:19s]
 *** Download Progress Summary as of Sun Dec 21 22:44:21 2025 *** 
===============================================================================
[#4d48a1 3.7MiB/4.0MiB(93%) CN:1 DL:12KiB ETA:21s]
FILE: /run/media/lastrye/Dev/AIGC/ComfyUI/ComfyUI/custom_nodes/CNR_temp_4ce51664-1c8b-496d-b287-9f3bbfdfbb1b.zip
-------------------------------------------------------------------------------

[#4d48a1 3.7MiB/4.0MiB(93%) CN:1 DL:12KiB ETA:21s]
 *** Download Progress Summary as of Sun Dec 21 22:44:22 2025 *** 
===============================================================================
[#4d48a1 3.7MiB/4.0MiB(94%) CN:1 DL:11KiB ETA:20s]
FILE: /run/media/lastrye/Dev/AIGC/ComfyUI/ComfyUI/custom_nodes/CNR_temp_4ce51664-1c8b-496d-b287-9f3bbfdfbb1b.zip
-------------------------------------------------------------------------------

[#4d48a1 3.7MiB/4.0MiB(94%) CN:1 DL:11KiB ETA:20s]
 *** Download Progress Summary as of Sun Dec 21 22:44:23 2025 *** 
===============================================================================
[#4d48a1 3.7MiB/4.0MiB(94%) CN:1 DL:11KiB ETA:19s]
FILE: /run/media/lastrye/Dev/AIGC/ComfyUI/ComfyUI/custom_nodes/CNR_temp_4ce51664-1c8b-496d-b287-9f3bbfdfbb1b.zip
-------------------------------------------------------------------------------

[#4d48a1 3.7MiB/4.0MiB(94%) CN:1 DL:11KiB ETA:19s]
 *** Download Progress Summary as of Sun Dec 21 22:44:24 2025 *** 
===============================================================================
[#4d48a1 3.8MiB/4.0MiB(94%) CN:1 DL:12KiB ETA:17s]
FILE: /run/media/lastrye/Dev/AIGC/ComfyUI/ComfyUI/custom_nodes/CNR_temp_4ce51664-1c8b-496d-b287-9f3bbfdfbb1b.zip
-------------------------------------------------------------------------------

[#4d48a1 3.8MiB/4.0MiB(94%) CN:1 DL:12KiB ETA:17s]
 *** Download Progress Summary as of Sun Dec 21 22:44:25 2025 *** 
===============================================================================
[#4d48a1 3.8MiB/4.0MiB(95%) CN:1 DL:12KiB ETA:16s]
FILE: /run/media/lastrye/Dev/AIGC/ComfyUI/ComfyUI/custom_nodes/CNR_temp_4ce51664-1c8b-496d-b287-9f3bbfdfbb1b.zip
-------------------------------------------------------------------------------

[#4d48a1 3.8MiB/4.0MiB(95%) CN:1 DL:12KiB ETA:16s]
 *** Download Progress Summary as of Sun Dec 21 22:44:27 2025 *** 
===============================================================================
[#4d48a1 3.8MiB/4.0MiB(95%) CN:1 DL:10KiB ETA:18s]
FILE: /run/media/lastrye/Dev/AIGC/ComfyUI/ComfyUI/custom_nodes/CNR_temp_4ce51664-1c8b-496d-b287-9f3bbfdfbb1b.zip
-------------------------------------------------------------------------------

[#4d48a1 3.8MiB/4.0MiB(95%) CN:1 DL:10KiB ETA:18s]
 *** Download Progress Summary as of Sun Dec 21 22:44:28 2025 *** 
===============================================================================
[#4d48a1 3.8MiB/4.0MiB(95%) CN:1 DL:10KiB ETA:17s]
FILE: /run/media/lastrye/Dev/AIGC/ComfyUI/ComfyUI/custom_nodes/CNR_temp_4ce51664-1c8b-496d-b287-9f3bbfdfbb1b.zip
-------------------------------------------------------------------------------

[#4d48a1 3.8MiB/4.0MiB(95%) CN:1 DL:10KiB ETA:17s]
 *** Download Progress Summary as of Sun Dec 21 22:44:29 2025 *** 
===============================================================================
[#4d48a1 3.8MiB/4.0MiB(96%) CN:1 DL:10KiB ETA:16s]
FILE: /run/media/lastrye/Dev/AIGC/ComfyUI/ComfyUI/custom_nodes/CNR_temp_4ce51664-1c8b-496d-b287-9f3bbfdfbb1b.zip
-------------------------------------------------------------------------------

[#4d48a1 3.8MiB/4.0MiB(96%) CN:1 DL:10KiB ETA:16s]
 *** Download Progress Summary as of Sun Dec 21 22:44:30 2025 *** 
===============================================================================
[#4d48a1 3.8MiB/4.0MiB(96%) CN:1 DL:11KiB ETA:14s]
FILE: /run/media/lastrye/Dev/AIGC/ComfyUI/ComfyUI/custom_nodes/CNR_temp_4ce51664-1c8b-496d-b287-9f3bbfdfbb1b.zip
-------------------------------------------------------------------------------

[#4d48a1 3.8MiB/4.0MiB(96%) CN:1 DL:11KiB ETA:14s]
 *** Download Progress Summary as of Sun Dec 21 22:44:31 2025 *** 
===============================================================================
[#4d48a1 3.8MiB/4.0MiB(96%) CN:1 DL:10KiB ETA:16s]
FILE: /run/media/lastrye/Dev/AIGC/ComfyUI/ComfyUI/custom_nodes/CNR_temp_4ce51664-1c8b-496d-b287-9f3bbfdfbb1b.zip
-------------------------------------------------------------------------------

[#4d48a1 3.8MiB/4.0MiB(96%) CN:1 DL:10KiB ETA:16s]
 *** Download Progress Summary as of Sun Dec 21 22:44:32 2025 *** 
===============================================================================
[#4d48a1 3.8MiB/4.0MiB(96%) CN:1 DL:10KiB ETA:12s]
FILE: /run/media/lastrye/Dev/AIGC/ComfyUI/ComfyUI/custom_nodes/CNR_temp_4ce51664-1c8b-496d-b287-9f3bbfdfbb1b.zip
-------------------------------------------------------------------------------

[#4d48a1 3.8MiB/4.0MiB(96%) CN:1 DL:10KiB ETA:12s]
 *** Download Progress Summary as of Sun Dec 21 22:44:33 2025 *** 
===============================================================================
[#4d48a1 3.9MiB/4.0MiB(97%) CN:1 DL:10KiB ETA:10s]
FILE: /run/media/lastrye/Dev/AIGC/ComfyUI/ComfyUI/custom_nodes/CNR_temp_4ce51664-1c8b-496d-b287-9f3bbfdfbb1b.zip
-------------------------------------------------------------------------------

[#4d48a1 3.9MiB/4.0MiB(97%) CN:1 DL:10KiB ETA:10s]
 *** Download Progress Summary as of Sun Dec 21 22:44:34 2025 *** 
===============================================================================
[#4d48a1 3.9MiB/4.0MiB(97%) CN:1 DL:9.9KiB ETA:11s]
FILE: /run/media/lastrye/Dev/AIGC/ComfyUI/ComfyUI/custom_nodes/CNR_temp_4ce51664-1c8b-496d-b287-9f3bbfdfbb1b.zip
-------------------------------------------------------------------------------

[#4d48a1 3.9MiB/4.0MiB(97%) CN:1 DL:9.9KiB ETA:11s]
 *** Download Progress Summary as of Sun Dec 21 22:44:35 2025 *** 
===============================================================================
[#4d48a1 3.9MiB/4.0MiB(97%) CN:1 DL:10KiB ETA:9s]
FILE: /run/media/lastrye/Dev/AIGC/ComfyUI/ComfyUI/custom_nodes/CNR_temp_4ce51664-1c8b-496d-b287-9f3bbfdfbb1b.zip
-------------------------------------------------------------------------------

[#4d48a1 3.9MiB/4.0MiB(97%) CN:1 DL:10KiB ETA:9s]
 *** Download Progress Summary as of Sun Dec 21 22:44:37 2025 *** 
===============================================================================
[#4d48a1 3.9MiB/4.0MiB(97%) CN:1 DL:10KiB ETA:8s]
FILE: /run/media/lastrye/Dev/AIGC/ComfyUI/ComfyUI/custom_nodes/CNR_temp_4ce51664-1c8b-496d-b287-9f3bbfdfbb1b.zip
-------------------------------------------------------------------------------

[#4d48a1 3.9MiB/4.0MiB(97%) CN:1 DL:10KiB ETA:8s]
 *** Download Progress Summary as of Sun Dec 21 22:44:38 2025 *** 
===============================================================================
[#4d48a1 3.9MiB/4.0MiB(98%) CN:1 DL:11KiB ETA:6s]
FILE: /run/media/lastrye/Dev/AIGC/ComfyUI/ComfyUI/custom_nodes/CNR_temp_4ce51664-1c8b-496d-b287-9f3bbfdfbb1b.zip
-------------------------------------------------------------------------------

[#4d48a1 3.9MiB/4.0MiB(98%) CN:1 DL:11KiB ETA:6s]
 *** Download Progress Summary as of Sun Dec 21 22:44:39 2025 *** 
===============================================================================
[#4d48a1 3.9MiB/4.0MiB(98%) CN:1 DL:10KiB ETA:6s]
FILE: /run/media/lastrye/Dev/AIGC/ComfyUI/ComfyUI/custom_nodes/CNR_temp_4ce51664-1c8b-496d-b287-9f3bbfdfbb1b.zip
-------------------------------------------------------------------------------

[#4d48a1 3.9MiB/4.0MiB(98%) CN:1 DL:10KiB ETA:6s]
 *** Download Progress Summary as of Sun Dec 21 22:44:40 2025 *** 
===============================================================================
[#4d48a1 3.9MiB/4.0MiB(98%) CN:1 DL:12KiB ETA:4s]
FILE: /run/media/lastrye/Dev/AIGC/ComfyUI/ComfyUI/custom_nodes/CNR_temp_4ce51664-1c8b-496d-b287-9f3bbfdfbb1b.zip
-------------------------------------------------------------------------------

[#4d48a1 3.9MiB/4.0MiB(98%) CN:1 DL:12KiB ETA:4s]
 *** Download Progress Summary as of Sun Dec 21 22:44:41 2025 *** 
===============================================================================
[#4d48a1 3.9MiB/4.0MiB(99%) CN:1 DL:12KiB ETA:2s]
FILE: /run/media/lastrye/Dev/AIGC/ComfyUI/ComfyUI/custom_nodes/CNR_temp_4ce51664-1c8b-496d-b287-9f3bbfdfbb1b.zip
-------------------------------------------------------------------------------

[#4d48a1 3.9MiB/4.0MiB(99%) CN:1 DL:12KiB ETA:2s]
 *** Download Progress Summary as of Sun Dec 21 22:44:42 2025 *** 
===============================================================================
[#4d48a1 4.0MiB/4.0MiB(99%) CN:1 DL:11KiB ETA:1s]
FILE: /run/media/lastrye/Dev/AIGC/ComfyUI/ComfyUI/custom_nodes/CNR_temp_4ce51664-1c8b-496d-b287-9f3bbfdfbb1b.zip
-------------------------------------------------------------------------------

[#4d48a1 4.0MiB/4.0MiB(99%) CN:1 DL:11KiB ETA:1s]
 *** Download Progress Summary as of Sun Dec 21 22:44:43 2025 *** 
===============================================================================
[#4d48a1 4.0MiB/4.0MiB(99%) CN:1 DL:11KiB]
FILE: /run/media/lastrye/Dev/AIGC/ComfyUI/ComfyUI/custom_nodes/CNR_temp_4ce51664-1c8b-496d-b287-9f3bbfdfbb1b.zip
-------------------------------------------------------------------------------

[#4d48a1 4.0MiB/4.0MiB(99%) CN:1 DL:11KiB]

12/21 22:44:43 [[1;32mNOTICE[0m] Download complete: /run/media/lastrye/Dev/AIGC/ComfyUI/ComfyUI/custom_nodes/CNR_temp_4ce51664-1c8b-496d-b287-9f3bbfdfbb1b.zip

Download Results:
gid   |stat|avg speed  |path/URI
======+====+===========+=======================================================
4d48a1|OK  |    21KiB/s|/run/media/lastrye/Dev/AIGC/ComfyUI/ComfyUI/custom_nodes/CNR_temp_4ce51664-1c8b-496d-b287-9f3bbfdfbb1b.zip

Status Legend:
(OK):download completed.
